[  2%] Generating GLAD
[  2%] Built target glad-generate-files
[  5%] Building C object _deps/glad-build/CMakeFiles/glad.dir/src/glad.c.o
[  8%] Linking C static library libglad.a
[ 11%] Built target glad
[ 14%] Building C object _deps/glfw-build/src/CMakeFiles/glfw.dir/context.c.o
[ 61%] Linking C static library libglfw3.a
[ 61%] Built target glfw
[ 64%] Building CXX object CMakeFiles/EscapeRoom.dir/main.cpp.o
[ 67%] Building CXX object CMakeFiles/EscapeRoom.dir/src/shader.cpp.o
[ 70%] Building CXX object CMakeFiles/EscapeRoom.dir/src/player.cpp.o
[ 73%] Building CXX object CMakeFiles/EscapeRoom.dir/src/collision.cpp.o
[ 76%] Building CXX object CMakeFiles/EscapeRoom.dir/src/lighting.cpp.o
[ 79%] Building CXX object CMakeFiles/EscapeRoom.dir/src/inventory.cpp.o
[ 82%] Building CXX object CMakeFiles/EscapeRoom.dir/src/puzzle.cpp.o
[ 85%] Building CXX object CMakeFiles/EscapeRoom.dir/src/room.cpp.o
[ 88%] Building CXX object CMakeFiles/EscapeRoom.dir/src/renderer.cpp.o
[ 91%] Building CXX object CMakeFiles/EscapeRoom.dir/src/particle.cpp.o
[ 94%] Building CXX object CMakeFiles/EscapeRoom.dir/src/ui.cpp.o
[ 97%] Building CXX object CMakeFiles/EscapeRoom.dir/src/saveload.cpp.o
[100%] Linking CXX executable EscapeRoom
[100%] Built target EscapeRoom
